This file contains any messages produced by compilers while
running configure, to aid debugging if configure makes a mistake.

It was created by libblinkstick configure 0.1, which was
generated by GNU Autoconf 2.69.  Invocation command line was

  $ ./configure 

## --------- ##
## Platform. ##
## --------- ##

hostname = Barley.local
uname -m = x86_64
uname -r = 13.0.0
uname -s = Darwin
uname -v = Darwin Kernel Version 13.0.0: Thu Sep 19 22:22:27 PDT 2013; root:xnu-2422.1.72~6/RELEASE_X86_64

/usr/bin/uname -p = i386
/bin/uname -X     = unknown

/bin/arch              = unknown
/usr/bin/arch -k       = unknown
/usr/convex/getsysinfo = unknown
/usr/bin/hostinfo      = Mach kernel version:
	 Darwin Kernel Version 13.0.0: Thu Sep 19 22:22:27 PDT 2013; root:xnu-2422.1.72~6/RELEASE_X86_64
Kernel configured for up to 4 processors.
4 processors are physically available.
4 processors are logically available.
Processor type: i486 (Intel 80486)
Processors active: 0 1 2 3
Primary memory available: 8.00 gigabytes
Default processor set: 234 tasks, 1171 threads, 4 processors
Load average: 1.92, Mach factor: 2.07
/bin/machine           = unknown
/usr/bin/oslevel       = unknown
/bin/universe          = unknown

PATH: /Users/ebenoist/.rvm/gems/ruby-2.0.0-p0/bin
PATH: /Users/ebenoist/.rvm/gems/ruby-2.0.0-p0@global/bin
PATH: /Users/ebenoist/.rvm/rubies/ruby-2.0.0-p0/bin
PATH: /Users/ebenoist/.rvm/bin
PATH: /usr/local/opt/maven/bin
PATH: /Users/ebenoist/.bin
PATH: /usr/local/bin
PATH: /usr/local/sbin
PATH: /usr/bin
PATH: /bin
PATH: /usr/sbin
PATH: /sbin
PATH: /usr/local/bin
PATH: /opt/X11/bin


## ----------- ##
## Core tests. ##
## ----------- ##

configure:2179: checking for a BSD-compatible install
configure:2247: result: /usr/bin/install -c
configure:2258: checking whether build environment is sane
configure:2313: result: yes
configure:2464: checking for a thread-safe mkdir -p
configure:2503: result: ./install-sh -c -d
configure:2510: checking for gawk
configure:2540: result: no
configure:2510: checking for mawk
configure:2540: result: no
configure:2510: checking for nawk
configure:2540: result: no
configure:2510: checking for awk
configure:2526: found /usr/bin/awk
configure:2537: result: awk
configure:2548: checking whether make sets $(MAKE)
configure:2570: result: yes
configure:2599: checking whether make supports nested variables
configure:2616: result: yes
configure:2754: checking for style of include used by make
configure:2782: result: GNU
configure:2853: checking for gcc
configure:2869: found /usr/bin/gcc
configure:2880: result: gcc
configure:3109: checking for C compiler version
configure:3118: gcc --version >&5
Apple LLVM version 5.0 (clang-500.2.79) (based on LLVM 3.3svn)
Target: x86_64-apple-darwin13.0.0
Thread model: posix
Configured with: --prefix=/Applications/Xcode.app/Contents/Developer/usr --with-gxx-include-dir=/usr/include/c++/4.2.1
configure:3129: $? = 0
configure:3118: gcc -v >&5
Configured with: --prefix=/Applications/Xcode.app/Contents/Developer/usr --with-gxx-include-dir=/usr/include/c++/4.2.1
Apple LLVM version 5.0 (clang-500.2.79) (based on LLVM 3.3svn)
Target: x86_64-apple-darwin13.0.0
Thread model: posix
configure:3129: $? = 0
configure:3118: gcc -V >&5
clang: error: argument to '-V' is missing (expected 1 value)
clang: error: no input files
configure:3129: $? = 1
configure:3118: gcc -qversion >&5
clang: error: no input files
configure:3129: $? = 1
configure:3149: checking whether the C compiler works
configure:3171: gcc    conftest.c  >&5
configure:3175: $? = 0
configure:3223: result: yes
configure:3226: checking for C compiler default output file name
configure:3228: result: a.out
configure:3234: checking for suffix of executables
configure:3241: gcc -o conftest    conftest.c  >&5
configure:3245: $? = 0
configure:3267: result: 
configure:3289: checking whether we are cross compiling
configure:3297: gcc -o conftest    conftest.c  >&5
configure:3301: $? = 0
configure:3308: ./conftest
configure:3312: $? = 0
configure:3327: result: no
configure:3332: checking for suffix of object files
configure:3354: gcc -c   conftest.c >&5
configure:3358: $? = 0
configure:3379: result: o
configure:3383: checking whether we are using the GNU C compiler
configure:3402: gcc -c   conftest.c >&5
configure:3402: $? = 0
configure:3411: result: yes
configure:3420: checking whether gcc accepts -g
configure:3440: gcc -c -g  conftest.c >&5
configure:3440: $? = 0
configure:3481: result: yes
configure:3498: checking for gcc option to accept ISO C89
configure:3561: gcc  -c -g -O2  conftest.c >&5
configure:3561: $? = 0
configure:3574: result: none needed
configure:3599: checking whether gcc understands -c and -o together
configure:3621: gcc -c conftest.c -o conftest2.o
configure:3624: $? = 0
configure:3621: gcc -c conftest.c -o conftest2.o
configure:3624: $? = 0
configure:3636: result: yes
configure:3655: checking dependency style of gcc
configure:3766: result: gcc3
configure:3831: checking for ar
configure:3847: found /usr/bin/ar
configure:3858: result: ar
configure:3884: checking the archiver (ar) interface
configure:3900: gcc -c -g -O2  conftest.c >&5
configure:3900: $? = 0
configure:3902: ar cru libconftest.a conftest.o >&5
configure:3905: $? = 0
configure:3933: result: ar
configure:3982: checking build system type
configure:3996: result: x86_64-apple-darwin13.0.0
configure:4016: checking host system type
configure:4029: result: x86_64-apple-darwin13.0.0
configure:4070: checking how to print strings
configure:4097: result: printf
configure:4118: checking for a sed that does not truncate output
configure:4182: result: /usr/bin/sed
configure:4200: checking for grep that handles long lines and -e
configure:4258: result: /usr/bin/grep
configure:4263: checking for egrep
configure:4325: result: /usr/bin/grep -E
configure:4330: checking for fgrep
configure:4392: result: /usr/bin/grep -F
configure:4427: checking for ld used by gcc
configure:4494: result: /Applications/Xcode.app/Contents/Developer/Toolchains/XcodeDefault.xctoolchain/usr/bin/ld
configure:4501: checking if the linker (/Applications/Xcode.app/Contents/Developer/Toolchains/XcodeDefault.xctoolchain/usr/bin/ld) is GNU ld
configure:4516: result: no
configure:4528: checking for BSD- or MS-compatible name lister (nm)
configure:4577: result: /usr/bin/nm
configure:4707: checking the name lister (/usr/bin/nm) interface
configure:4714: gcc -c -g -O2  conftest.c >&5
configure:4717: /usr/bin/nm "conftest.o"
configure:4720: output
0000000000000210 S _some_variable
configure:4727: result: BSD nm
configure:4730: checking whether ln -s works
configure:4734: result: yes
configure:4742: checking the maximum length of command line arguments
configure:4872: result: 196608
configure:4889: checking whether the shell understands some XSI constructs
configure:4899: result: yes
configure:4903: checking whether the shell understands "+="
configure:4909: result: yes
configure:4944: checking how to convert x86_64-apple-darwin13.0.0 file names to x86_64-apple-darwin13.0.0 format
configure:4984: result: func_convert_file_noop
configure:4991: checking how to convert x86_64-apple-darwin13.0.0 file names to toolchain format
configure:5011: result: func_convert_file_noop
configure:5018: checking for /Applications/Xcode.app/Contents/Developer/Toolchains/XcodeDefault.xctoolchain/usr/bin/ld option to reload object files
configure:5025: result: -r
configure:5099: checking for objdump
configure:5129: result: no
configure:5158: checking how to recognize dependent libraries
configure:5360: result: pass_all
configure:5445: checking for dlltool
configure:5475: result: no
configure:5505: checking how to associate runtime and link libraries
configure:5532: result: printf %s\n
configure:5656: checking for archiver @FILE support
configure:5673: gcc -c -g -O2  conftest.c >&5
configure:5673: $? = 0
configure:5676: ar cru libconftest.a @conftest.lst >&5
ar: @conftest.lst: No such file or directory
configure:5679: $? = 1
configure:5699: result: no
configure:5757: checking for strip
configure:5773: found /usr/bin/strip
configure:5784: result: strip
configure:5856: checking for ranlib
configure:5872: found /usr/bin/ranlib
configure:5883: result: ranlib
configure:5985: checking command to parse /usr/bin/nm output from gcc object
configure:6105: gcc -c -g -O2  conftest.c >&5
configure:6108: $? = 0
configure:6112: /usr/bin/nm conftest.o \| sed -n -e 's/^.*[ ]\([BCDEGRST][BCDEGRST]*\)[ ][ ]*\([_A-Za-z][_A-Za-z0-9]*\)$/\1 \2 \2/p' | sed '/ __gnu_lto/d' \> conftest.nm
configure:6115: $? = 0
cannot find nm_test_var in conftest.nm
configure:6105: gcc -c -g -O2  conftest.c >&5
configure:6108: $? = 0
configure:6112: /usr/bin/nm conftest.o \| sed -n -e 's/^.*[ ]\([BCDEGRST][BCDEGRST]*\)[ ][ ]*_\([_A-Za-z][_A-Za-z0-9]*\)$/\1 _\2 \2/p' | sed '/ __gnu_lto/d' \> conftest.nm
configure:6115: $? = 0
configure:6181: gcc -o conftest -g -O2   conftest.c conftstm.o >&5
configure:6184: $? = 0
configure:6222: result: ok
configure:6259: checking for sysroot
configure:6289: result: no
configure:6545: checking for mt
configure:6575: result: no
configure:6595: checking if : is a manifest tool
configure:6601: : '-?'
configure:6609: result: no
configure:6665: checking for dsymutil
configure:6681: found /usr/bin/dsymutil
configure:6692: result: dsymutil
configure:6757: checking for nmedit
configure:6773: found /usr/bin/nmedit
configure:6784: result: nmedit
configure:6849: checking for lipo
configure:6865: found /usr/bin/lipo
configure:6876: result: lipo
configure:6941: checking for otool
configure:6957: found /usr/bin/otool
configure:6968: result: otool
configure:7033: checking for otool64
configure:7063: result: no
configure:7108: checking for -single_module linker flag
gcc -g -O2  -o libconftest.dylib -dynamiclib -Wl,-single_module conftest.c
configure:7141: result: yes
configure:7144: checking for -exported_symbols_list linker flag
configure:7164: gcc -o conftest -g -O2   -Wl,-exported_symbols_list,conftest.sym conftest.c  >&5
configure:7164: $? = 0
configure:7174: result: yes
configure:7177: checking for -force_load linker flag
gcc -g -O2 -c -o conftest.o conftest.c
ar cru libconftest.a conftest.o
ranlib libconftest.a
gcc -g -O2  -o conftest conftest.c -Wl,-force_load,./libconftest.a
configure:7209: result: yes
configure:7251: checking how to run the C preprocessor
configure:7282: gcc -E  conftest.c
configure:7282: $? = 0
configure:7296: gcc -E  conftest.c
conftest.c:11:10: fatal error: 'ac_nonexistent.h' file not found
#include <ac_nonexistent.h>
         ^
1 error generated.
configure:7296: $? = 1
configure: failed program was:
| /* confdefs.h */
| #define PACKAGE_NAME "libblinkstick"
| #define PACKAGE_TARNAME "libblinkstick"
| #define PACKAGE_VERSION "0.1"
| #define PACKAGE_STRING "libblinkstick 0.1"
| #define PACKAGE_BUGREPORT "ebenoist@gmail.com"
| #define PACKAGE_URL ""
| #define PACKAGE "libblinkstick"
| #define VERSION "0.1"
| /* end confdefs.h.  */
| #include <ac_nonexistent.h>
configure:7321: result: gcc -E
configure:7341: gcc -E  conftest.c
configure:7341: $? = 0
configure:7355: gcc -E  conftest.c
conftest.c:11:10: fatal error: 'ac_nonexistent.h' file not found
#include <ac_nonexistent.h>
         ^
1 error generated.
configure:7355: $? = 1
configure: failed program was:
| /* confdefs.h */
| #define PACKAGE_NAME "libblinkstick"
| #define PACKAGE_TARNAME "libblinkstick"
| #define PACKAGE_VERSION "0.1"
| #define PACKAGE_STRING "libblinkstick 0.1"
| #define PACKAGE_BUGREPORT "ebenoist@gmail.com"
| #define PACKAGE_URL ""
| #define PACKAGE "libblinkstick"
| #define VERSION "0.1"
| /* end confdefs.h.  */
| #include <ac_nonexistent.h>
configure:7384: checking for ANSI C header files
configure:7404: gcc -c -g -O2  conftest.c >&5
configure:7404: $? = 0
configure:7477: gcc -o conftest -g -O2   conftest.c  >&5
configure:7477: $? = 0
configure:7477: ./conftest
configure:7477: $? = 0
configure:7488: result: yes
configure:7501: checking for sys/types.h
configure:7501: gcc -c -g -O2  conftest.c >&5
configure:7501: $? = 0
configure:7501: result: yes
configure:7501: checking for sys/stat.h
configure:7501: gcc -c -g -O2  conftest.c >&5
configure:7501: $? = 0
configure:7501: result: yes
configure:7501: checking for stdlib.h
configure:7501: gcc -c -g -O2  conftest.c >&5
configure:7501: $? = 0
configure:7501: result: yes
configure:7501: checking for string.h
configure:7501: gcc -c -g -O2  conftest.c >&5
configure:7501: $? = 0
configure:7501: result: yes
configure:7501: checking for memory.h
configure:7501: gcc -c -g -O2  conftest.c >&5
configure:7501: $? = 0
configure:7501: result: yes
configure:7501: checking for strings.h
configure:7501: gcc -c -g -O2  conftest.c >&5
configure:7501: $? = 0
configure:7501: result: yes
configure:7501: checking for inttypes.h
configure:7501: gcc -c -g -O2  conftest.c >&5
configure:7501: $? = 0
configure:7501: result: yes
configure:7501: checking for stdint.h
configure:7501: gcc -c -g -O2  conftest.c >&5
configure:7501: $? = 0
configure:7501: result: yes
configure:7501: checking for unistd.h
configure:7501: gcc -c -g -O2  conftest.c >&5
configure:7501: $? = 0
configure:7501: result: yes
configure:7515: checking for dlfcn.h
configure:7515: gcc -c -g -O2  conftest.c >&5
configure:7515: $? = 0
configure:7515: result: yes
configure:7721: checking for objdir
configure:7736: result: .libs
configure:8003: checking if gcc supports -fno-rtti -fno-exceptions
configure:8021: gcc -c -g -O2  -fno-rtti -fno-exceptions conftest.c >&5
configure:8025: $? = 0
configure:8038: result: yes
configure:8365: checking for gcc option to produce PIC
configure:8372: result: -fno-common -DPIC
configure:8380: checking if gcc PIC flag -fno-common -DPIC works
configure:8398: gcc -c -g -O2  -fno-common -DPIC -DPIC conftest.c >&5
configure:8402: $? = 0
configure:8415: result: yes
configure:8444: checking if gcc static flag -static works
configure:8472: result: no
configure:8487: checking if gcc supports -c -o file.o
configure:8508: gcc -c -g -O2  -o out/conftest2.o conftest.c >&5
configure:8512: $? = 0
configure:8534: result: yes
configure:8542: checking if gcc supports -c -o file.o
configure:8589: result: yes
configure:8622: checking whether the gcc linker (/Applications/Xcode.app/Contents/Developer/Toolchains/XcodeDefault.xctoolchain/usr/bin/ld) supports shared libraries
configure:9775: result: yes
configure:10015: checking dynamic linker characteristics
configure:10748: result: darwin13.0.0 dyld
configure:10855: checking how to hardcode library paths into programs
configure:10880: result: immediate
configure:11420: checking whether stripping libraries is possible
configure:11434: result: yes
configure:11460: checking if libtool supports shared libraries
configure:11462: result: yes
configure:11465: checking whether to build shared libraries
configure:11486: result: yes
configure:11489: checking whether to build static libraries
configure:11493: result: yes
configure:11578: checking for gcc
configure:11605: result: gcc
configure:11834: checking for C compiler version
configure:11843: gcc --version >&5
Apple LLVM version 5.0 (clang-500.2.79) (based on LLVM 3.3svn)
Target: x86_64-apple-darwin13.0.0
Thread model: posix
Configured with: --prefix=/Applications/Xcode.app/Contents/Developer/usr --with-gxx-include-dir=/usr/include/c++/4.2.1
configure:11854: $? = 0
configure:11843: gcc -v >&5
Configured with: --prefix=/Applications/Xcode.app/Contents/Developer/usr --with-gxx-include-dir=/usr/include/c++/4.2.1
Apple LLVM version 5.0 (clang-500.2.79) (based on LLVM 3.3svn)
Target: x86_64-apple-darwin13.0.0
Thread model: posix
configure:11854: $? = 0
configure:11843: gcc -V >&5
clang: error: argument to '-V' is missing (expected 1 value)
clang: error: no input files
configure:11854: $? = 1
configure:11843: gcc -qversion >&5
clang: error: no input files
configure:11854: $? = 1
configure:11858: checking whether we are using the GNU C compiler
configure:11886: result: yes
configure:11895: checking whether gcc accepts -g
configure:11956: result: yes
configure:11973: checking for gcc option to accept ISO C89
configure:12049: result: none needed
configure:12074: checking whether gcc understands -c and -o together
configure:12111: result: yes
configure:12130: checking dependency style of gcc
configure:12241: result: gcc3
configure:12316: checking for pkg-config
configure:12334: found /usr/local/bin/pkg-config
configure:12346: result: /usr/local/bin/pkg-config
configure:12371: checking pkg-config is at least version 0.9.0
configure:12374: result: yes
configure:12384: checking for LIBUSB
configure:12391: $PKG_CONFIG --exists --print-errors "libusb-1.0 >= 1.0"
configure:12394: $? = 0
configure:12408: $PKG_CONFIG --exists --print-errors "libusb-1.0 >= 1.0"
configure:12411: $? = 0
configure:12469: result: yes
configure:12624: checking that generated files are newer than configure
configure:12630: result: done
configure:12657: creating ./config.status

## ---------------------- ##
## Running config.status. ##
## ---------------------- ##

This file was extended by libblinkstick config.status 0.1, which was
generated by GNU Autoconf 2.69.  Invocation command line was

  CONFIG_FILES    = 
  CONFIG_HEADERS  = 
  CONFIG_LINKS    = 
  CONFIG_COMMANDS = 
  $ ./config.status 

on Barley.local

config.status:1009: creating Makefile
config.status:1009: creating src/Makefile
config.status:1009: creating libblinkstick-0.1.pc
config.status:1181: executing depfiles commands
config.status:1181: executing libtool commands

## ---------------- ##
## Cache variables. ##
## ---------------- ##

ac_cv_build=x86_64-apple-darwin13.0.0
ac_cv_c_compiler_gnu=yes
ac_cv_env_CC_set=
ac_cv_env_CC_value=
ac_cv_env_CFLAGS_set=
ac_cv_env_CFLAGS_value=
ac_cv_env_CPPFLAGS_set=
ac_cv_env_CPPFLAGS_value=
ac_cv_env_CPP_set=
ac_cv_env_CPP_value=
ac_cv_env_LDFLAGS_set=
ac_cv_env_LDFLAGS_value=
ac_cv_env_LIBS_set=
ac_cv_env_LIBS_value=
ac_cv_env_LIBUSB_CFLAGS_set=
ac_cv_env_LIBUSB_CFLAGS_value=
ac_cv_env_LIBUSB_LIBS_set=
ac_cv_env_LIBUSB_LIBS_value=
ac_cv_env_PKG_CONFIG_LIBDIR_set=
ac_cv_env_PKG_CONFIG_LIBDIR_value=
ac_cv_env_PKG_CONFIG_PATH_set=
ac_cv_env_PKG_CONFIG_PATH_value=
ac_cv_env_PKG_CONFIG_set=
ac_cv_env_PKG_CONFIG_value=
ac_cv_env_build_alias_set=
ac_cv_env_build_alias_value=
ac_cv_env_host_alias_set=
ac_cv_env_host_alias_value=
ac_cv_env_target_alias_set=
ac_cv_env_target_alias_value=
ac_cv_header_dlfcn_h=yes
ac_cv_header_inttypes_h=yes
ac_cv_header_memory_h=yes
ac_cv_header_stdc=yes
ac_cv_header_stdint_h=yes
ac_cv_header_stdlib_h=yes
ac_cv_header_string_h=yes
ac_cv_header_strings_h=yes
ac_cv_header_sys_stat_h=yes
ac_cv_header_sys_types_h=yes
ac_cv_header_unistd_h=yes
ac_cv_host=x86_64-apple-darwin13.0.0
ac_cv_objext=o
ac_cv_path_EGREP='/usr/bin/grep -E'
ac_cv_path_FGREP='/usr/bin/grep -F'
ac_cv_path_GREP=/usr/bin/grep
ac_cv_path_SED=/usr/bin/sed
ac_cv_path_ac_pt_PKG_CONFIG=/usr/local/bin/pkg-config
ac_cv_path_install='/usr/bin/install -c'
ac_cv_prog_AWK=awk
ac_cv_prog_CPP='gcc -E'
ac_cv_prog_ac_ct_AR=ar
ac_cv_prog_ac_ct_CC=gcc
ac_cv_prog_ac_ct_DSYMUTIL=dsymutil
ac_cv_prog_ac_ct_LIPO=lipo
ac_cv_prog_ac_ct_NMEDIT=nmedit
ac_cv_prog_ac_ct_OTOOL=otool
ac_cv_prog_ac_ct_RANLIB=ranlib
ac_cv_prog_ac_ct_STRIP=strip
ac_cv_prog_cc_c89=
ac_cv_prog_cc_g=yes
ac_cv_prog_make_make_set=yes
am_cv_CC_dependencies_compiler_type=gcc3
am_cv_ar_interface=ar
am_cv_make_support_nested_variables=yes
am_cv_prog_cc_c_o=yes
lt_cv_apple_cc_single_mod=yes
lt_cv_ar_at_file=no
lt_cv_deplibs_check_method=pass_all
lt_cv_file_magic_cmd='$MAGIC_CMD'
lt_cv_file_magic_test_file=
lt_cv_ld_exported_symbols_list=yes
lt_cv_ld_force_load=yes
lt_cv_ld_reload_flag=-r
lt_cv_nm_interface='BSD nm'
lt_cv_objdir=.libs
lt_cv_path_LD=/Applications/Xcode.app/Contents/Developer/Toolchains/XcodeDefault.xctoolchain/usr/bin/ld
lt_cv_path_NM=/usr/bin/nm
lt_cv_path_mainfest_tool=no
lt_cv_prog_compiler_c_o=yes
lt_cv_prog_compiler_pic='-fno-common -DPIC'
lt_cv_prog_compiler_pic_works=yes
lt_cv_prog_compiler_rtti_exceptions=yes
lt_cv_prog_compiler_static_works=no
lt_cv_prog_gnu_ld=no
lt_cv_sharedlib_from_linklib_cmd='printf %s\n'
lt_cv_sys_global_symbol_pipe='sed -n -e '\''s/^.*[	 ]\([BCDEGRST][BCDEGRST]*\)[	 ][	 ]*_\([_A-Za-z][_A-Za-z0-9]*\)$/\1 _\2 \2/p'\'' | sed '\''/ __gnu_lto/d'\'''
lt_cv_sys_global_symbol_to_c_name_address='sed -n -e '\''s/^: \([^ ]*\)[ ]*$/  {\"\1\", (void *) 0},/p'\'' -e '\''s/^[BCDEGRST]* \([^ ]*\) \([^ ]*\)$/  {"\2", (void *) \&\2},/p'\'''
lt_cv_sys_global_symbol_to_c_name_address_lib_prefix='sed -n -e '\''s/^: \([^ ]*\)[ ]*$/  {\"\1\", (void *) 0},/p'\'' -e '\''s/^[BCDEGRST]* \([^ ]*\) \(lib[^ ]*\)$/  {"\2", (void *) \&\2},/p'\'' -e '\''s/^[BCDEGRST]* \([^ ]*\) \([^ ]*\)$/  {"lib\2", (void *) \&\2},/p'\'''
lt_cv_sys_global_symbol_to_cdecl='sed -n -e '\''s/^T .* \(.*\)$/extern int \1();/p'\'' -e '\''s/^[BCDEGRST]* .* \(.*\)$/extern char \1;/p'\'''
lt_cv_sys_max_cmd_len=196608
lt_cv_to_host_file_cmd=func_convert_file_noop
lt_cv_to_tool_file_cmd=func_convert_file_noop
pkg_cv_LIBUSB_CFLAGS='-I/usr/local/Cellar/libusb/1.0.9/include/libusb-1.0 '
pkg_cv_LIBUSB_LIBS='-L/usr/local/Cellar/libusb/1.0.9/lib -lusb-1.0 '

## ----------------- ##
## Output variables. ##
## ----------------- ##

ACLOCAL='${SHELL} /Users/ebenoist/development/libblinkstick/missing aclocal-1.14'
AMDEPBACKSLASH='\'
AMDEP_FALSE='#'
AMDEP_TRUE=''
AMTAR='$${TAR-tar}'
AM_BACKSLASH='\'
AM_DEFAULT_V='$(AM_DEFAULT_VERBOSITY)'
AM_DEFAULT_VERBOSITY='1'
AM_V='$(V)'
API_VERSION='0.1'
AR='ar'
AUTOCONF='${SHELL} /Users/ebenoist/development/libblinkstick/missing autoconf'
AUTOHEADER='${SHELL} /Users/ebenoist/development/libblinkstick/missing autoheader'
AUTOMAKE='${SHELL} /Users/ebenoist/development/libblinkstick/missing automake-1.14'
AWK='awk'
CC='gcc'
CCDEPMODE='depmode=gcc3'
CFLAGS='-g -O2'
CPP='gcc -E'
CPPFLAGS=''
CYGPATH_W='echo'
DEFS='-DPACKAGE_NAME=\"libblinkstick\" -DPACKAGE_TARNAME=\"libblinkstick\" -DPACKAGE_VERSION=\"0.1\" -DPACKAGE_STRING=\"libblinkstick\ 0.1\" -DPACKAGE_BUGREPORT=\"ebenoist@gmail.com\" -DPACKAGE_URL=\"\" -DPACKAGE=\"libblinkstick\" -DVERSION=\"0.1\" -DSTDC_HEADERS=1 -DHAVE_SYS_TYPES_H=1 -DHAVE_SYS_STAT_H=1 -DHAVE_STDLIB_H=1 -DHAVE_STRING_H=1 -DHAVE_MEMORY_H=1 -DHAVE_STRINGS_H=1 -DHAVE_INTTYPES_H=1 -DHAVE_STDINT_H=1 -DHAVE_UNISTD_H=1 -DHAVE_DLFCN_H=1 -DLT_OBJDIR=\".libs/\"'
DEPDIR='.deps'
DLLTOOL='false'
DSYMUTIL='dsymutil'
DUMPBIN=''
ECHO_C='\c'
ECHO_N=''
ECHO_T=''
EGREP='/usr/bin/grep -E'
EXEEXT=''
FGREP='/usr/bin/grep -F'
GREP='/usr/bin/grep'
INSTALL_DATA='${INSTALL} -m 644'
INSTALL_PROGRAM='${INSTALL}'
INSTALL_SCRIPT='${INSTALL}'
INSTALL_STRIP_PROGRAM='$(install_sh) -c -s'
LD='/Applications/Xcode.app/Contents/Developer/Toolchains/XcodeDefault.xctoolchain/usr/bin/ld'
LDFLAGS=''
LIBOBJS=''
LIBS=''
LIBTOOL='$(SHELL) $(top_builddir)/libtool'
LIBUSB_CFLAGS='-I/usr/local/Cellar/libusb/1.0.9/include/libusb-1.0 '
LIBUSB_LIBS='-L/usr/local/Cellar/libusb/1.0.9/lib -lusb-1.0 '
LIPO='lipo'
LN_S='ln -s'
LTLIBOBJS=''
MAKEINFO='${SHELL} /Users/ebenoist/development/libblinkstick/missing makeinfo'
MANIFEST_TOOL=':'
MKDIR_P='./install-sh -c -d'
NM='/usr/bin/nm'
NMEDIT='nmedit'
OBJDUMP='false'
OBJEXT='o'
OTOOL64=':'
OTOOL='otool'
PACKAGE='libblinkstick'
PACKAGE_BUGREPORT='ebenoist@gmail.com'
PACKAGE_NAME='libblinkstick'
PACKAGE_STRING='libblinkstick 0.1'
PACKAGE_TARNAME='libblinkstick'
PACKAGE_URL=''
PACKAGE_VERSION='0.1'
PATH_SEPARATOR=':'
PKG_CONFIG='/usr/local/bin/pkg-config'
PKG_CONFIG_LIBDIR=''
PKG_CONFIG_PATH=''
RANLIB='ranlib'
SED='/usr/bin/sed'
SET_MAKE=''
SHELL='/bin/sh'
SO_VERSION='0:1:0'
STRIP='strip'
VERSION='0.1'
ac_ct_AR='ar'
ac_ct_CC='gcc'
ac_ct_DUMPBIN=''
am__EXEEXT_FALSE=''
am__EXEEXT_TRUE='#'
am__fastdepCC_FALSE='#'
am__fastdepCC_TRUE=''
am__include='include'
am__isrc=''
am__leading_dot='.'
am__nodep='_no'
am__quote=''
am__tar='$${TAR-tar} chof - "$$tardir"'
am__untar='$${TAR-tar} xf -'
bindir='${exec_prefix}/bin'
build='x86_64-apple-darwin13.0.0'
build_alias=''
build_cpu='x86_64'
build_os='darwin13.0.0'
build_vendor='apple'
datadir='${datarootdir}'
datarootdir='${prefix}/share'
docdir='${datarootdir}/doc/${PACKAGE_TARNAME}'
dvidir='${docdir}'
exec_prefix='${prefix}'
host='x86_64-apple-darwin13.0.0'
host_alias=''
host_cpu='x86_64'
host_os='darwin13.0.0'
host_vendor='apple'
htmldir='${docdir}'
includedir='${prefix}/include'
infodir='${datarootdir}/info'
install_sh='${SHELL} /Users/ebenoist/development/libblinkstick/install-sh'
libdir='${exec_prefix}/lib'
libexecdir='${exec_prefix}/libexec'
localedir='${datarootdir}/locale'
localstatedir='${prefix}/var'
mandir='${datarootdir}/man'
mkdir_p='$(MKDIR_P)'
oldincludedir='/usr/include'
pdfdir='${docdir}'
prefix='/usr/local'
program_transform_name='s,x,x,'
psdir='${docdir}'
sbindir='${exec_prefix}/sbin'
sharedstatedir='${prefix}/com'
sysconfdir='${prefix}/etc'
target_alias=''

## ----------- ##
## confdefs.h. ##
## ----------- ##

/* confdefs.h */
#define PACKAGE_NAME "libblinkstick"
#define PACKAGE_TARNAME "libblinkstick"
#define PACKAGE_VERSION "0.1"
#define PACKAGE_STRING "libblinkstick 0.1"
#define PACKAGE_BUGREPORT "ebenoist@gmail.com"
#define PACKAGE_URL ""
#define PACKAGE "libblinkstick"
#define VERSION "0.1"
#define STDC_HEADERS 1
#define HAVE_SYS_TYPES_H 1
#define HAVE_SYS_STAT_H 1
#define HAVE_STDLIB_H 1
#define HAVE_STRING_H 1
#define HAVE_MEMORY_H 1
#define HAVE_STRINGS_H 1
#define HAVE_INTTYPES_H 1
#define HAVE_STDINT_H 1
#define HAVE_UNISTD_H 1
#define HAVE_DLFCN_H 1
#define LT_OBJDIR ".libs/"

configure: exit 0
